<?xml version="1.0" encoding="UTF-8"?>
<testsuite xmlns:xsi="http://www.w3.org/2001/XMLSchema-instance" xsi:noNamespaceSchemaLocation="https://maven.apache.org/surefire/maven-surefire-plugin/xsd/surefire-test-report-3.0.xsd" version="3.0" name="com.cleanuri.tests.UrlShorteningTest" time="10.184" tests="8" errors="0" skipped="0" failures="0">
  <properties>
[...]
</properties>
  <testcase name="emptyRequestBodyValue" classname="com.cleanuri.tests.UrlShorteningTest" time="4.725">
    <system-err><![CDATA[авг. 13, 2023 10:02:47 PM org.junit.jupiter.engine.discovery.MethodSelectorResolver resolve
WARNING: Possible configuration error: method [public void com.cleanuri.tests.UrlShorteningTest.positiveTest()] resulted in multiple TestDescriptors [org.junit.jupiter.engine.descriptor.TestTemplateTestDescriptor, org.junit.jupiter.engine.descriptor.TestMethodTestDescriptor]. This is typically the result of annotating a method with multiple competing annotations such as @Test, @RepeatedTest, @ParameterizedTest, @TestFactory, etc.
авг. 13, 2023 10:02:47 PM org.junit.jupiter.engine.discovery.MethodSelectorResolver resolve
WARNING: Possible configuration error: method [public void com.cleanuri.tests.UrlShorteningTest.positiveTest()] resulted in multiple TestDescriptors [org.junit.jupiter.engine.descriptor.TestMethodTestDescriptor, org.junit.jupiter.engine.descriptor.TestTemplateTestDescriptor]. This is typically the result of annotating a method with multiple competing annotations such as @Test, @RepeatedTest, @ParameterizedTest, @TestFactory, etc.
]]></system-err>
  </testcase>
  <testcase name="soMuchRequestBodyForShorten" classname="com.cleanuri.tests.UrlShorteningTest" time="2.143"/>
  <testcase name="positiveTest" classname="com.cleanuri.tests.UrlShorteningTest" time="0.35"/>
  <testcase name="positiveTest" classname="com.cleanuri.tests.UrlShorteningTest" time="0.383"/>
  <testcase name="positiveTest" classname="com.cleanuri.tests.UrlShorteningTest" time="0.341"/>
  <testcase name="positiveTest" classname="com.cleanuri.tests.UrlShorteningTest" time="0.316"/>
  <testcase name="invalidRequestBody" classname="com.cleanuri.tests.UrlShorteningTest" time="0.313"/>
  <testcase name="emptyRequestBody" classname="com.cleanuri.tests.UrlShorteningTest" time="0.384"/>
</testsuite>